Log started at 2017-04-08 19:08:28 

2017-04-08 19:08:28 fsega.distributedsystems.server.SimpleServer openServerSocket
INFO Server is listening on port 8011

2017-04-08 19:08:32 fsega.distributedsystems.server.SimpleServer serverLoop
INFO Connection established with 0:0:0:0:0:0:0:1

2017-04-08 19:08:32 fsega.distributedsystems.server.SimpleWorker processClientRequest
INFO 0:0:0:0:0:0:0:1 sent: GET / HTTP/1.1

2017-04-08 19:08:32 fsega.distributedsystems.server.SimpleServer serverLoop
INFO Connection established with 0:0:0:0:0:0:0:1

2017-04-08 19:08:32 fsega.distributedsystems.server.SimpleWorker processClientRequest
INFO 0:0:0:0:0:0:0:1 sent: GET /favicon.ico HTTP/1.1

2017-04-08 19:08:34 fsega.distributedsystems.server.SimpleServer serverLoop
INFO Connection established with 0:0:0:0:0:0:0:1

2017-04-08 19:08:34 fsega.distributedsystems.server.SimpleWorker processClientRequest
INFO 0:0:0:0:0:0:0:1 sent: GET / HTTP/1.1

2017-04-08 19:08:34 fsega.distributedsystems.server.SimpleServer serverLoop
INFO Connection established with 0:0:0:0:0:0:0:1

2017-04-08 19:08:34 fsega.distributedsystems.server.SimpleWorker processClientRequest
INFO 0:0:0:0:0:0:0:1 sent: GET /favicon.ico HTTP/1.1

2017-04-08 19:08:34 fsega.distributedsystems.server.SimpleServer serverLoop
INFO Connection established with 0:0:0:0:0:0:0:1

2017-04-08 19:08:34 fsega.distributedsystems.server.SimpleWorker processClientRequest
INFO 0:0:0:0:0:0:0:1 sent: GET / HTTP/1.1

2017-04-08 19:08:34 fsega.distributedsystems.server.SimpleServer serverLoop
INFO Connection established with 0:0:0:0:0:0:0:1

2017-04-08 19:08:34 fsega.distributedsystems.server.SimpleWorker processClientRequest
INFO 0:0:0:0:0:0:0:1 sent: GET /favicon.ico HTTP/1.1

2017-04-08 19:08:34 fsega.distributedsystems.server.SimpleServer serverLoop
INFO Connection established with 0:0:0:0:0:0:0:1

2017-04-08 19:08:34 fsega.distributedsystems.server.SimpleWorker processClientRequest
INFO 0:0:0:0:0:0:0:1 sent: GET / HTTP/1.1

2017-04-08 19:08:35 fsega.distributedsystems.server.SimpleServer serverLoop
INFO Connection established with 0:0:0:0:0:0:0:1

2017-04-08 19:08:35 fsega.distributedsystems.server.SimpleWorker processClientRequest
INFO 0:0:0:0:0:0:0:1 sent: GET /favicon.ico HTTP/1.1

2017-04-08 19:08:35 fsega.distributedsystems.server.SimpleServer serverLoop
INFO Connection established with 0:0:0:0:0:0:0:1

2017-04-08 19:08:35 fsega.distributedsystems.server.SimpleWorker processClientRequest
INFO 0:0:0:0:0:0:0:1 sent: GET / HTTP/1.1

2017-04-08 19:08:35 fsega.distributedsystems.server.SimpleServer serverLoop
INFO Connection established with 0:0:0:0:0:0:0:1

2017-04-08 19:08:35 fsega.distributedsystems.server.SimpleWorker processClientRequest
INFO 0:0:0:0:0:0:0:1 sent: GET /favicon.ico HTTP/1.1

2017-04-08 19:08:35 fsega.distributedsystems.server.SimpleServer serverLoop
INFO Connection established with 0:0:0:0:0:0:0:1

2017-04-08 19:08:35 fsega.distributedsystems.server.SimpleWorker processClientRequest
INFO 0:0:0:0:0:0:0:1 sent: GET / HTTP/1.1

2017-04-08 19:08:35 fsega.distributedsystems.server.SimpleServer serverLoop
INFO Connection established with 0:0:0:0:0:0:0:1

2017-04-08 19:08:35 fsega.distributedsystems.server.SimpleWorker processClientRequest
INFO 0:0:0:0:0:0:0:1 sent: GET /favicon.ico HTTP/1.1

2017-04-08 19:08:35 fsega.distributedsystems.server.SimpleServer serverLoop
INFO Connection established with 0:0:0:0:0:0:0:1

2017-04-08 19:08:35 fsega.distributedsystems.server.SimpleWorker processClientRequest
INFO 0:0:0:0:0:0:0:1 sent: GET / HTTP/1.1

2017-04-08 19:08:35 fsega.distributedsystems.server.SimpleServer serverLoop
INFO Connection established with 0:0:0:0:0:0:0:1

2017-04-08 19:08:35 fsega.distributedsystems.server.SimpleWorker processClientRequest
INFO 0:0:0:0:0:0:0:1 sent: GET /favicon.ico HTTP/1.1

2017-04-08 19:08:38 fsega.distributedsystems.server.SimpleServer serverLoop
SEVERE Couldn't establish connection
java.net.SocketException: socket closed
	 at java.net.DualStackPlainSocketImpl.accept0(Native Method)
	 at java.net.DualStackPlainSocketImpl.socketAccept(Unknown Source)
	 at java.net.AbstractPlainSocketImpl.accept(Unknown Source)
	 at java.net.PlainSocketImpl.accept(Unknown Source)
	 at java.net.ServerSocket.implAccept(Unknown Source)
	 at java.net.ServerSocket.accept(Unknown Source)
	 at fsega.distributedsystems.server.SimpleServer.serverLoop(SimpleServer.java:42)
	 at fsega.distributedsystems.server.SimpleServer.run(SimpleServer.java:31)
	 at java.lang.Thread.run(Unknown Source)

2017-04-08 19:08:38 fsega.distributedsystems.server.SimpleServer stopServer
INFO Server stopped

Log ended at 2017-04-08 19:08:38 

